\BOOKMARK [0][-]{chapter*.15}{\332vod}{}% 1
\BOOKMARK [0][-]{chapter.1}{Existuj\355c\355 re\235en\355}{}% 2
\BOOKMARK [1][-]{section.1.1}{http://opentrackmap.cz/}{chapter.1}% 3
\BOOKMARK [1][-]{section.1.2}{Google Mapy}{chapter.1}% 4
\BOOKMARK [1][-]{section.1.3}{Mapy.cz}{chapter.1}% 5
\BOOKMARK [1][-]{section.1.4}{V\375letn\355k}{chapter.1}% 6
\BOOKMARK [1][-]{section.1.5}{Lonvia's Hiking Map}{chapter.1}% 7
\BOOKMARK [0][-]{chapter.2}{Pou\236it\351 technologie}{}% 8
\BOOKMARK [1][-]{section.2.1}{Server}{chapter.2}% 9
\BOOKMARK [2][-]{subsection.2.1.1}{Apache 2}{section.2.1}% 10
\BOOKMARK [2][-]{subsection.2.1.2}{Geoserver}{section.2.1}% 11
\BOOKMARK [1][-]{section.2.2}{Datab\341ze \205 PostGIS}{chapter.2}% 12
\BOOKMARK [1][-]{section.2.3}{Programovac\355 jazyky}{chapter.2}% 13
\BOOKMARK [2][-]{subsection.2.3.1}{Server\205side \205 PHP, Nette}{section.2.3}% 14
\BOOKMARK [2][-]{subsection.2.3.2}{User\205side \205 JavaScript \(OpenLayers vs LeafLet, jQuery\)}{section.2.3}% 15
\BOOKMARK [1][-]{section.2.4}{Grafick\375 design \205 bootstrap bootstrap}{chapter.2}% 16
\BOOKMARK [0][-]{chapter.3}{V\375voj aplikace}{}% 17
\BOOKMARK [1][-]{section.3.1}{Datab\341ze}{chapter.3}% 18
\BOOKMARK [2][-]{subsection.3.1.1}{Datov\375 model}{section.3.1}% 19
\BOOKMARK [2][-]{subsection.3.1.2}{Naplnen\355 datab\341ze}{section.3.1}% 20
\BOOKMARK [1][-]{section.3.2}{Grafick\375 n\341vrh}{chapter.3}% 21
\BOOKMARK [2][-]{subsection.3.2.1}{z\341kladn\355 vzhled webov\351 str\341nky - z\341kladn\355 styl bootstrapu}{section.3.2}% 22
\BOOKMARK [1][-]{section.3.3}{Mapov\351 okno}{chapter.3}% 23
\BOOKMARK [2][-]{subsection.3.3.1}{OpenLayers}{section.3.3}% 24
\BOOKMARK [2][-]{subsection.3.3.2}{LeafLet}{section.3.3}% 25
\BOOKMARK [1][-]{section.3.4}{U\236ivatelsk\351 rozhran\355}{chapter.3}% 26
\BOOKMARK [2][-]{subsection.3.4.1}{Prihla\235ov\341n\355 u\236ivatelu}{section.3.4}% 27
\BOOKMARK [2][-]{subsection.3.4.2}{Dostupn\351 funkce}{section.3.4}% 28
\BOOKMARK [1][-]{section.3.5}{Propojen\355 s Facebookem}{chapter.3}% 29
\BOOKMARK [2][-]{subsection.3.5.1}{Pou\236it\351 pluginy}{section.3.5}% 30
\BOOKMARK [2][-]{subsection.3.5.2}{Pr\341va}{section.3.5}% 31
\BOOKMARK [2][-]{subsection.3.5.3}{Zve\236ejnov\341n\355 na zdi}{section.3.5}% 32
\BOOKMARK [1][-]{section.3.6}{Testov\341n\355}{chapter.3}% 33
\BOOKMARK [0][-]{chapter.4}{Zhodnocen\355}{}% 34
\BOOKMARK [0][-]{section*.36}{Reference}{}% 35
